Using pre-set license
Built from '2020.3/staging' branch; Version is '2020.3.29f1 (2ff179115da0) revision 3142009'; Using compiler version '192528614'; Build Type 'Release'
OS: 'Windows 11  (10.0.22000) 64bit Core' Language: 'ko' Physical Memory: 16085 MB
BatchMode: 1, IsHumanControllingUs: 0, StartBugReporterOnCrash: 0, Is64bit: 1, IsPro: 0

COMMAND LINE ARGUMENTS:
C:\Program Files\Unity\Hub\Editor\2020.3.29f1\Editor\Unity.exe
-adb2
-batchMode
-noUpm
-name
AssetImportWorker0
-projectPath
C:/Users/USER/Desktop/Siudus/테크 작업물/git/Sidus/SidusProject
-logFile
Logs/AssetImportWorker0.log
-srvPort
56017
Successfully changed project path to: C:/Users/USER/Desktop/Siudus/테크 작업물/git/Sidus/SidusProject
C:/Users/USER/Desktop/Siudus/테크 작업물/git/Sidus/SidusProject
Using Asset Import Pipeline V2.
Refreshing native plugins compatible for Editor in 39.08 ms, found 3 plugins.
Preloading 0 native plugins for Editor in 0.00 ms.
Initialize engine version: 2020.3.29f1 (2ff179115da0)
[Subsystems] Discovering subsystems at path C:/Program Files/Unity/Hub/Editor/2020.3.29f1/Editor/Data/Resources/UnitySubsystems
[Subsystems] Discovering subsystems at path C:/Users/USER/Desktop/Siudus/테크 작업물/git/Sidus/SidusProject/Assets
GfxDevice: creating device client; threaded=0
Direct3D:
    Version:  Direct3D 11.0 [level 11.1]
    Renderer: NVIDIA GeForce GTX 1650 Ti with Max-Q Design (ID=0x1f95)
    Vendor:   
    VRAM:     3964 MB
    Driver:   31.0.15.1659
Initialize mono
Mono path[0] = 'C:/Program Files/Unity/Hub/Editor/2020.3.29f1/Editor/Data/Managed'
Mono path[1] = 'C:/Program Files/Unity/Hub/Editor/2020.3.29f1/Editor/Data/MonoBleedingEdge/lib/mono/unityjit'
Mono config path = 'C:/Program Files/Unity/Hub/Editor/2020.3.29f1/Editor/Data/MonoBleedingEdge/etc'
Using monoOptions --debugger-agent=transport=dt_socket,embedding=1,server=y,suspend=n,address=127.0.0.1:56732
Begin MonoManager ReloadAssembly
Registering precompiled unity dll's ...
Register platform support module: C:/Program Files/Unity/Hub/Editor/2020.3.29f1/Editor/Data/PlaybackEngines/WindowsStandaloneSupport/UnityEditor.WindowsStandalone.Extensions.dll
Registered in 0.000810 seconds.
Native extension for WindowsStandalone target not found
Refreshing native plugins compatible for Editor in 31.92 ms, found 3 plugins.
Preloading 0 native plugins for Editor in 0.00 ms.
Mono: successfully reloaded assembly
- Completed reload, in  0.367 seconds
Domain Reload Profiling:
	ReloadAssembly (367ms)
		BeginReloadAssembly (35ms)
			ExecutionOrderSort (0ms)
			DisableScriptedObjects (0ms)
			BackupInstance (0ms)
			ReleaseScriptingObjects (0ms)
			CreateAndSetChildDomain (1ms)
		EndReloadAssembly (287ms)
			LoadAssemblies (34ms)
			RebuildTransferFunctionScriptingTraits (0ms)
			SetupTypeCache (94ms)
			ReleaseScriptCaches (0ms)
			RebuildScriptCaches (19ms)
			SetupLoadedEditorAssemblies (111ms)
				LogAssemblyErrors (0ms)
				InitializePlatformSupportModulesInManaged (3ms)
				SetLoadedEditorAssemblies (0ms)
				RefreshPlugins (32ms)
				BeforeProcessingInitializeOnLoad (11ms)
				ProcessInitializeOnLoadAttributes (48ms)
				ProcessInitializeOnLoadMethodAttributes (17ms)
				AfterProcessingInitializeOnLoad (0ms)
				EditorAssembliesLoaded (0ms)
			ExecutionOrderSort2 (0ms)
			AwakeInstancesAfterBackupRestoration (0ms)
Platform modules already initialized, skipping
Registering precompiled user dll's ...
Registered in 0.001835 seconds.
Begin MonoManager ReloadAssembly
Native extension for WindowsStandalone target not found
Refreshing native plugins compatible for Editor in 36.51 ms, found 3 plugins.
Preloading 0 native plugins for Editor in 0.00 ms.
Mono: successfully reloaded assembly
- Completed reload, in  0.781 seconds
Domain Reload Profiling:
	ReloadAssembly (781ms)
		BeginReloadAssembly (92ms)
			ExecutionOrderSort (0ms)
			DisableScriptedObjects (3ms)
			BackupInstance (0ms)
			ReleaseScriptingObjects (0ms)
			CreateAndSetChildDomain (14ms)
		EndReloadAssembly (650ms)
			LoadAssemblies (60ms)
			RebuildTransferFunctionScriptingTraits (0ms)
			SetupTypeCache (194ms)
			ReleaseScriptCaches (0ms)
			RebuildScriptCaches (30ms)
			SetupLoadedEditorAssemblies (235ms)
				LogAssemblyErrors (0ms)
				InitializePlatformSupportModulesInManaged (2ms)
				SetLoadedEditorAssemblies (0ms)
				RefreshPlugins (37ms)
				BeforeProcessingInitializeOnLoad (57ms)
				ProcessInitializeOnLoadAttributes (126ms)
				ProcessInitializeOnLoadMethodAttributes (11ms)
				AfterProcessingInitializeOnLoad (3ms)
				EditorAssembliesLoaded (0ms)
			ExecutionOrderSort2 (0ms)
			AwakeInstancesAfterBackupRestoration (4ms)
Platform modules already initialized, skipping
========================================================================
Worker process is ready to serve import requests
Launched and connected shader compiler UnityShaderCompiler.exe after 0.02 seconds
Refreshing native plugins compatible for Editor in 0.41 ms, found 3 plugins.
Preloading 0 native plugins for Editor in 0.00 ms.
Unloading 2223 Unused Serialized files (Serialized files now loaded: 0)
System memory in use before: 99.3 MB.
System memory in use after: 99.2 MB.

Unloading 32 unused Assets to reduce memory usage. Loaded Objects now: 2654.
Total: 2.335500 ms (FindLiveObjects: 0.116400 ms CreateObjectMapping: 0.034100 ms MarkObjects: 2.052300 ms  DeleteObjects: 0.131800 ms)

AssetImportParameters requested are different than current active one (requested -> active):
  custom:framework-win-MediaFoundation: 216162199b28c13a410421893ffa2e32 -> 
  custom:video-decoder-ogg-theora: a1e56fd34408186e4bbccfd4996cb3dc -> 
  custom:container-muxer-webm: aa71ff27fc2769a1b78a27578f13a17b -> 
  custom:container-demuxer-webm: 4f35f7cbe854078d1ac9338744f61a02 -> 
  custom:container-demuxer-ogg: 62fdf1f143b41e24485cea50d1cbac27 -> 
  custom:video-encoder-webm-vp8: eb34c28f22e8b96e1ab97ce403110664 -> 
  custom:video-decoder-webm-vp8: 9c59270c3fd7afecdb556c50c9e8de78 -> 
  custom:audio-decoder-ogg-vorbis: bf7c407c2cedff20999df2af8eb42d56 -> 
  custom:audio-encoder-webm-vorbis: bf7c407c2cedff20999df2af8eb42d56 -> 
========================================================================
Received Import Request.
  path: Assets/1.Scenes/4.Talk.unity
  artifactKey: Guid(0fcda35c2a4296246b915d31ba8b3862) Importer(815301076,1909f56bfc062723c751e8b465ee728b)
Start importing Assets/1.Scenes/4.Talk.unity using Guid(0fcda35c2a4296246b915d31ba8b3862) Importer(815301076,1909f56bfc062723c751e8b465ee728b)  -> (artifact id: '3048194e0f54b039a159919a9e1ce481') in 0.014068 seconds 
  Import took 0.016632 seconds .

========================================================================
Received Import Request.
  Time since last request: 567.344823 seconds.
  path: Assets/3.Sprites/UI/Name-B.png
  artifactKey: Guid(7bbddaa6fb6b392428db80321df0aa48) Importer(815301076,1909f56bfc062723c751e8b465ee728b)
Start importing Assets/3.Sprites/UI/Name-B.png using Guid(7bbddaa6fb6b392428db80321df0aa48) Importer(815301076,1909f56bfc062723c751e8b465ee728b)  -> (artifact id: '92029c3f6dbbdba916f9bb4e39e9d14a') in 0.078136 seconds 
  Import took 0.081324 seconds .

========================================================================
Received Import Request.
  Time since last request: 25.662793 seconds.
  path: Assets/3.Sprites/UI/Name_blue.png
  artifactKey: Guid(518a23e7262db5044b22ad648b6b5294) Importer(815301076,1909f56bfc062723c751e8b465ee728b)
Start importing Assets/3.Sprites/UI/Name_blue.png using Guid(518a23e7262db5044b22ad648b6b5294) Importer(815301076,1909f56bfc062723c751e8b465ee728b)  -> (artifact id: 'a93b7ef8c74e7337dbd88872c243e161') in 0.021530 seconds 
  Import took 0.025290 seconds .

========================================================================
Received Import Request.
  Time since last request: 22.721266 seconds.
  path: Assets/3.Sprites/UI/S_W_Name_blue.png
  artifactKey: Guid(518a23e7262db5044b22ad648b6b5294) Importer(815301076,1909f56bfc062723c751e8b465ee728b)
Start importing Assets/3.Sprites/UI/S_W_Name_blue.png using Guid(518a23e7262db5044b22ad648b6b5294) Importer(815301076,1909f56bfc062723c751e8b465ee728b)  -> (artifact id: 'fa3b4c94ddbacd0fd3e403b4a0622b62') in 0.018951 seconds 
  Import took 0.022814 seconds .

========================================================================
Received Import Request.
  Time since last request: 2.896031 seconds.
  path: Assets/3.Sprites/UI/Nametag.png
  artifactKey: Guid(16775f3b563b33d4b8569772693aff20) Importer(815301076,1909f56bfc062723c751e8b465ee728b)
Start importing Assets/3.Sprites/UI/Nametag.png using Guid(16775f3b563b33d4b8569772693aff20) Importer(815301076,1909f56bfc062723c751e8b465ee728b)  -> (artifact id: 'c1643f054b43f2fd76f75d60e244d8dc') in 0.015569 seconds 
  Import took 0.018390 seconds .

========================================================================
Received Import Request.
  Time since last request: 10.499168 seconds.
  path: Assets/3.Sprites/UI/S_W_Nametag.png
  artifactKey: Guid(16775f3b563b33d4b8569772693aff20) Importer(815301076,1909f56bfc062723c751e8b465ee728b)
Start importing Assets/3.Sprites/UI/S_W_Nametag.png using Guid(16775f3b563b33d4b8569772693aff20) Importer(815301076,1909f56bfc062723c751e8b465ee728b)  -> (artifact id: 'f70b62da229e0579f8fa332509db3048') in 0.015674 seconds 
  Import took 0.018564 seconds .

========================================================================
Received Import Request.
  Time since last request: 567.883478 seconds.
  path: Assets/1.Scenes/1.Start.unity
  artifactKey: Guid(26f0d51ddda3a5c4eb990f1c8416b72f) Importer(815301076,1909f56bfc062723c751e8b465ee728b)
Start importing Assets/1.Scenes/1.Start.unity using Guid(26f0d51ddda3a5c4eb990f1c8416b72f) Importer(815301076,1909f56bfc062723c751e8b465ee728b)  -> (artifact id: '15630231c9d7816cd57d82d882468815') in 0.007393 seconds 
  Import took 0.010908 seconds .

========================================================================
Received Import Request.
  Time since last request: 1.266459 seconds.
  path: Assets/1.Scenes/2.Lobby.unity
  artifactKey: Guid(44a294c496c4aae47873bf947504c196) Importer(815301076,1909f56bfc062723c751e8b465ee728b)
Start importing Assets/1.Scenes/2.Lobby.unity using Guid(44a294c496c4aae47873bf947504c196) Importer(815301076,1909f56bfc062723c751e8b465ee728b)  -> (artifact id: '1bf91a46570e30f3878ee269c4a9dde4') in 0.006334 seconds 
  Import took 0.009875 seconds .

========================================================================
Received Import Request.
  Time since last request: 9.913841 seconds.
  path: Assets/1.Scenes/3.Chapter01_Stages.unity
  artifactKey: Guid(898a68819cca89341b7c4bd6b20e34e7) Importer(815301076,1909f56bfc062723c751e8b465ee728b)
Start importing Assets/1.Scenes/3.Chapter01_Stages.unity using Guid(898a68819cca89341b7c4bd6b20e34e7) Importer(815301076,1909f56bfc062723c751e8b465ee728b)  -> (artifact id: '748c1191accc649f66416d2d37cba571') in 0.005582 seconds 
  Import took 0.008976 seconds .

========================================================================
Received Import Request.
  Time since last request: 25.788344 seconds.
  path: Assets/1.Scenes/3.Chapter02_Stages.unity
  artifactKey: Guid(867a3b77fe571f047872cbc3d677ec58) Importer(815301076,1909f56bfc062723c751e8b465ee728b)
Start importing Assets/1.Scenes/3.Chapter02_Stages.unity using Guid(867a3b77fe571f047872cbc3d677ec58) Importer(815301076,1909f56bfc062723c751e8b465ee728b)  -> (artifact id: 'f41aad70a5c3e2eb467ece806ef0645b') in 0.006019 seconds 
  Import took 0.009356 seconds .

========================================================================
Received Import Request.
  Time since last request: 5.239834 seconds.
  path: Assets/1.Scenes/4.Talk.unity
  artifactKey: Guid(0fcda35c2a4296246b915d31ba8b3862) Importer(815301076,1909f56bfc062723c751e8b465ee728b)
Start importing Assets/1.Scenes/4.Talk.unity using Guid(0fcda35c2a4296246b915d31ba8b3862) Importer(815301076,1909f56bfc062723c751e8b465ee728b)  -> (artifact id: '7691551bae5dd4589a1c7019de8588e8') in 0.006014 seconds 
  Import took 0.009495 seconds .

========================================================================
Received Import Request.
  Time since last request: 1.992790 seconds.
  path: Assets/1.Scenes/5.Ingame.unity
  artifactKey: Guid(b4807b3ae3cb41448b6bdb34f9218375) Importer(815301076,1909f56bfc062723c751e8b465ee728b)
Start importing Assets/1.Scenes/5.Ingame.unity using Guid(b4807b3ae3cb41448b6bdb34f9218375) Importer(815301076,1909f56bfc062723c751e8b465ee728b)  -> (artifact id: 'af07ae54cc15f39c59f136e9a187294e') in 0.006462 seconds 
  Import took 0.009619 seconds .

========================================================================
Received Prepare
Registering precompiled user dll's ...
Registered in 0.001657 seconds.
Begin MonoManager ReloadAssembly
Native extension for WindowsStandalone target not found
Refreshing native plugins compatible for Editor in 0.40 ms, found 3 plugins.
Preloading 0 native plugins for Editor in 0.00 ms.
Mono: successfully reloaded assembly
- Completed reload, in  0.684 seconds
Domain Reload Profiling:
	ReloadAssembly (684ms)
		BeginReloadAssembly (80ms)
			ExecutionOrderSort (0ms)
			DisableScriptedObjects (4ms)
			BackupInstance (0ms)
			ReleaseScriptingObjects (0ms)
			CreateAndSetChildDomain (26ms)
		EndReloadAssembly (565ms)
			LoadAssemblies (58ms)
			RebuildTransferFunctionScriptingTraits (0ms)
			SetupTypeCache (193ms)
			ReleaseScriptCaches (1ms)
			RebuildScriptCaches (28ms)
			SetupLoadedEditorAssemblies (220ms)
				LogAssemblyErrors (0ms)
				InitializePlatformSupportModulesInManaged (3ms)
				SetLoadedEditorAssemblies (0ms)
				RefreshPlugins (0ms)
				BeforeProcessingInitializeOnLoad (56ms)
				ProcessInitializeOnLoadAttributes (146ms)
				ProcessInitializeOnLoadMethodAttributes (10ms)
				AfterProcessingInitializeOnLoad (4ms)
				EditorAssembliesLoaded (0ms)
			ExecutionOrderSort2 (0ms)
			AwakeInstancesAfterBackupRestoration (7ms)
Platform modules already initialized, skipping
Refreshing native plugins compatible for Editor in 0.42 ms, found 3 plugins.
Preloading 0 native plugins for Editor in 0.00 ms.
Unloading 2218 Unused Serialized files (Serialized files now loaded: 0)
System memory in use before: 102.3 MB.
System memory in use after: 102.3 MB.

Unloading 21 unused Assets to reduce memory usage. Loaded Objects now: 2666.
Total: 2.503600 ms (FindLiveObjects: 0.131300 ms CreateObjectMapping: 0.047600 ms MarkObjects: 2.197500 ms  DeleteObjects: 0.126500 ms)

AssetImportParameters requested are different than current active one (requested -> active):
  custom:framework-win-MediaFoundation: 216162199b28c13a410421893ffa2e32 -> 
  custom:video-decoder-ogg-theora: a1e56fd34408186e4bbccfd4996cb3dc -> 
  custom:container-muxer-webm: aa71ff27fc2769a1b78a27578f13a17b -> 
  custom:container-demuxer-webm: 4f35f7cbe854078d1ac9338744f61a02 -> 
  custom:container-demuxer-ogg: 62fdf1f143b41e24485cea50d1cbac27 -> 
  custom:video-encoder-webm-vp8: eb34c28f22e8b96e1ab97ce403110664 -> 
  custom:video-decoder-webm-vp8: 9c59270c3fd7afecdb556c50c9e8de78 -> 
  custom:audio-decoder-ogg-vorbis: bf7c407c2cedff20999df2af8eb42d56 -> 
  custom:audio-encoder-webm-vorbis: bf7c407c2cedff20999df2af8eb42d56 -> 
========================================================================
Received Prepare
Registering precompiled user dll's ...
Registered in 0.001808 seconds.
Begin MonoManager ReloadAssembly
Native extension for WindowsStandalone target not found
Refreshing native plugins compatible for Editor in 0.40 ms, found 3 plugins.
Preloading 0 native plugins for Editor in 0.00 ms.
Mono: successfully reloaded assembly
- Completed reload, in  0.645 seconds
Domain Reload Profiling:
	ReloadAssembly (646ms)
		BeginReloadAssembly (75ms)
			ExecutionOrderSort (0ms)
			DisableScriptedObjects (4ms)
			BackupInstance (0ms)
			ReleaseScriptingObjects (0ms)
			CreateAndSetChildDomain (23ms)
		EndReloadAssembly (533ms)
			LoadAssemblies (59ms)
			RebuildTransferFunctionScriptingTraits (0ms)
			SetupTypeCache (192ms)
			ReleaseScriptCaches (1ms)
			RebuildScriptCaches (27ms)
			SetupLoadedEditorAssemblies (194ms)
				LogAssemblyErrors (0ms)
				InitializePlatformSupportModulesInManaged (3ms)
				SetLoadedEditorAssemblies (0ms)
				RefreshPlugins (0ms)
				BeforeProcessingInitializeOnLoad (56ms)
				ProcessInitializeOnLoadAttributes (125ms)
				ProcessInitializeOnLoadMethodAttributes (7ms)
				AfterProcessingInitializeOnLoad (3ms)
				EditorAssembliesLoaded (0ms)
			ExecutionOrderSort2 (0ms)
			AwakeInstancesAfterBackupRestoration (5ms)
Platform modules already initialized, skipping
Refreshing native plugins compatible for Editor in 0.42 ms, found 3 plugins.
Preloading 0 native plugins for Editor in 0.00 ms.
Unloading 2218 Unused Serialized files (Serialized files now loaded: 0)
System memory in use before: 102.4 MB.
System memory in use after: 102.3 MB.

Unloading 21 unused Assets to reduce memory usage. Loaded Objects now: 2668.
Total: 2.536500 ms (FindLiveObjects: 0.140600 ms CreateObjectMapping: 0.038300 ms MarkObjects: 2.228700 ms  DeleteObjects: 0.128100 ms)

AssetImportParameters requested are different than current active one (requested -> active):
  custom:framework-win-MediaFoundation: 216162199b28c13a410421893ffa2e32 -> 
  custom:video-decoder-ogg-theora: a1e56fd34408186e4bbccfd4996cb3dc -> 
  custom:container-muxer-webm: aa71ff27fc2769a1b78a27578f13a17b -> 
  custom:container-demuxer-webm: 4f35f7cbe854078d1ac9338744f61a02 -> 
  custom:container-demuxer-ogg: 62fdf1f143b41e24485cea50d1cbac27 -> 
  custom:video-encoder-webm-vp8: eb34c28f22e8b96e1ab97ce403110664 -> 
  custom:video-decoder-webm-vp8: 9c59270c3fd7afecdb556c50c9e8de78 -> 
  custom:audio-decoder-ogg-vorbis: bf7c407c2cedff20999df2af8eb42d56 -> 
  custom:audio-encoder-webm-vorbis: bf7c407c2cedff20999df2af8eb42d56 -> 
AssetImportWorkerClient::OnTransportError - code=2 error=End of file
