Using pre-set license
Built from '2020.3/staging' branch; Version is '2020.3.29f1 (2ff179115da0) revision 3142009'; Using compiler version '192528614'; Build Type 'Release'
OS: 'Windows 10  (10.0.19044) 64bit Professional' Language: 'ko' Physical Memory: 8040 MB
BatchMode: 1, IsHumanControllingUs: 0, StartBugReporterOnCrash: 0, Is64bit: 1, IsPro: 0

COMMAND LINE ARGUMENTS:
C:\Program Files\Unity\Hub\Editor\2020.3.29f1\Editor\Unity.exe
-adb2
-batchMode
-noUpm
-name
AssetImportWorker1
-projectPath
C:/Users/tiger/GitHubDestktop_Repository/Sidus/SidusProject
-logFile
Logs/AssetImportWorker1.log
-srvPort
8770
Successfully changed project path to: C:/Users/tiger/GitHubDestktop_Repository/Sidus/SidusProject
C:/Users/tiger/GitHubDestktop_Repository/Sidus/SidusProject
Using Asset Import Pipeline V2.
Refreshing native plugins compatible for Editor in 101.79 ms, found 3 plugins.
Preloading 0 native plugins for Editor in 0.00 ms.
Initialize engine version: 2020.3.29f1 (2ff179115da0)
[Subsystems] Discovering subsystems at path C:/Program Files/Unity/Hub/Editor/2020.3.29f1/Editor/Data/Resources/UnitySubsystems
[Subsystems] Discovering subsystems at path C:/Users/tiger/GitHubDestktop_Repository/Sidus/SidusProject/Assets
GfxDevice: creating device client; threaded=0
Direct3D:
    Version:  Direct3D 11.0 [level 11.1]
    Renderer: NVIDIA GeForce GTX 1060 (ID=0x1c20)
    Vendor:   
    VRAM:     6052 MB
    Driver:   27.21.14.6089
Initialize mono
Mono path[0] = 'C:/Program Files/Unity/Hub/Editor/2020.3.29f1/Editor/Data/Managed'
Mono path[1] = 'C:/Program Files/Unity/Hub/Editor/2020.3.29f1/Editor/Data/MonoBleedingEdge/lib/mono/unityjit'
Mono config path = 'C:/Program Files/Unity/Hub/Editor/2020.3.29f1/Editor/Data/MonoBleedingEdge/etc'
Using monoOptions --debugger-agent=transport=dt_socket,embedding=1,server=y,suspend=n,address=127.0.0.1:56824
Begin MonoManager ReloadAssembly
Registering precompiled unity dll's ...
Register platform support module: C:/Program Files/Unity/Hub/Editor/2020.3.29f1/Editor/Data/PlaybackEngines/WindowsStandaloneSupport/UnityEditor.WindowsStandalone.Extensions.dll
Registered in 0.001926 seconds.
Native extension for WindowsStandalone target not found
Refreshing native plugins compatible for Editor in 46.38 ms, found 3 plugins.
Preloading 0 native plugins for Editor in 0.00 ms.
Mono: successfully reloaded assembly
- Completed reload, in  0.645 seconds
Domain Reload Profiling:
	ReloadAssembly (645ms)
		BeginReloadAssembly (70ms)
			ExecutionOrderSort (0ms)
			DisableScriptedObjects (0ms)
			BackupInstance (0ms)
			ReleaseScriptingObjects (0ms)
			CreateAndSetChildDomain (1ms)
		EndReloadAssembly (493ms)
			LoadAssemblies (68ms)
			RebuildTransferFunctionScriptingTraits (0ms)
			SetupTypeCache (183ms)
			ReleaseScriptCaches (0ms)
			RebuildScriptCaches (29ms)
			SetupLoadedEditorAssemblies (183ms)
				LogAssemblyErrors (0ms)
				InitializePlatformSupportModulesInManaged (4ms)
				SetLoadedEditorAssemblies (0ms)
				RefreshPlugins (46ms)
				BeforeProcessingInitializeOnLoad (16ms)
				ProcessInitializeOnLoadAttributes (77ms)
				ProcessInitializeOnLoadMethodAttributes (39ms)
				AfterProcessingInitializeOnLoad (0ms)
				EditorAssembliesLoaded (0ms)
			ExecutionOrderSort2 (0ms)
			AwakeInstancesAfterBackupRestoration (0ms)
Platform modules already initialized, skipping
Registering precompiled user dll's ...
Registered in 0.004294 seconds.
Begin MonoManager ReloadAssembly
Native extension for WindowsStandalone target not found
Refreshing native plugins compatible for Editor in 49.12 ms, found 3 plugins.
Preloading 0 native plugins for Editor in 0.00 ms.
Mono: successfully reloaded assembly
- Completed reload, in  1.955 seconds
Domain Reload Profiling:
	ReloadAssembly (1960ms)
		BeginReloadAssembly (168ms)
			ExecutionOrderSort (0ms)
			DisableScriptedObjects (6ms)
			BackupInstance (0ms)
			ReleaseScriptingObjects (0ms)
			CreateAndSetChildDomain (24ms)
		EndReloadAssembly (1733ms)
			LoadAssemblies (112ms)
			RebuildTransferFunctionScriptingTraits (0ms)
			SetupTypeCache (316ms)
			ReleaseScriptCaches (1ms)
			RebuildScriptCaches (51ms)
			SetupLoadedEditorAssemblies (1144ms)
				LogAssemblyErrors (0ms)
				InitializePlatformSupportModulesInManaged (3ms)
				SetLoadedEditorAssemblies (0ms)
				RefreshPlugins (49ms)
				BeforeProcessingInitializeOnLoad (90ms)
				ProcessInitializeOnLoadAttributes (195ms)
				ProcessInitializeOnLoadMethodAttributes (800ms)
				AfterProcessingInitializeOnLoad (7ms)
				EditorAssembliesLoaded (0ms)
			ExecutionOrderSort2 (0ms)
			AwakeInstancesAfterBackupRestoration (7ms)
Platform modules already initialized, skipping
========================================================================
Worker process is ready to serve import requests
Launched and connected shader compiler UnityShaderCompiler.exe after 0.06 seconds
Refreshing native plugins compatible for Editor in 0.51 ms, found 3 plugins.
Preloading 0 native plugins for Editor in 0.00 ms.
Unloading 2407 Unused Serialized files (Serialized files now loaded: 0)
System memory in use before: 110.2 MB.
System memory in use after: 109.0 MB.

Unloading 41 unused Assets to reduce memory usage. Loaded Objects now: 2830.
Total: 3.648600 ms (FindLiveObjects: 0.196500 ms CreateObjectMapping: 0.118500 ms MarkObjects: 2.534900 ms  DeleteObjects: 0.797800 ms)

AssetImportParameters requested are different than current active one (requested -> active):
  custom:framework-win-MediaFoundation: 216162199b28c13a410421893ffa2e32 -> 
  custom:video-decoder-ogg-theora: a1e56fd34408186e4bbccfd4996cb3dc -> 
  custom:container-muxer-webm: aa71ff27fc2769a1b78a27578f13a17b -> 
  custom:container-demuxer-webm: 4f35f7cbe854078d1ac9338744f61a02 -> 
  custom:container-demuxer-ogg: 62fdf1f143b41e24485cea50d1cbac27 -> 
  custom:video-encoder-webm-vp8: eb34c28f22e8b96e1ab97ce403110664 -> 
  custom:video-decoder-webm-vp8: 9c59270c3fd7afecdb556c50c9e8de78 -> 
  custom:audio-decoder-ogg-vorbis: bf7c407c2cedff20999df2af8eb42d56 -> 
  custom:audio-encoder-webm-vorbis: bf7c407c2cedff20999df2af8eb42d56 -> 
========================================================================
Received Import Request.
  path: Assets/2.Scripts/4.Talk/DialogScript.cs
  artifactKey: Guid(192691d40ed00e84ca8b6253ccaa7e95) Importer(815301076,1909f56bfc062723c751e8b465ee728b)
Start importing Assets/2.Scripts/4.Talk/DialogScript.cs using Guid(192691d40ed00e84ca8b6253ccaa7e95) Importer(815301076,1909f56bfc062723c751e8b465ee728b)  -> (artifact id: '6f9d15813c5945d5972977a3761b8586') in 0.030483 seconds 
  Import took 0.034360 seconds .

========================================================================
Received Import Request.
  Time since last request: 0.000238 seconds.
  path: Assets/2.Scripts/4.Talk
  artifactKey: Guid(deb3ea47c23e3764882ad5a3cce585fb) Importer(815301076,1909f56bfc062723c751e8b465ee728b)
Start importing Assets/2.Scripts/4.Talk using Guid(deb3ea47c23e3764882ad5a3cce585fb) Importer(815301076,1909f56bfc062723c751e8b465ee728b)  -> (artifact id: '072907de3379c5f050035b6fa9acb871') in 0.008351 seconds 
  Import took 0.012334 seconds .

========================================================================
Received Prepare
Registering precompiled user dll's ...
Registered in 0.005098 seconds.
Begin MonoManager ReloadAssembly
Native extension for WindowsStandalone target not found
Refreshing native plugins compatible for Editor in 0.47 ms, found 3 plugins.
Preloading 0 native plugins for Editor in 0.00 ms.
Mono: successfully reloaded assembly
- Completed reload, in  1.015 seconds
Domain Reload Profiling:
	ReloadAssembly (1015ms)
		BeginReloadAssembly (125ms)
			ExecutionOrderSort (0ms)
			DisableScriptedObjects (6ms)
			BackupInstance (0ms)
			ReleaseScriptingObjects (0ms)
			CreateAndSetChildDomain (36ms)
		EndReloadAssembly (825ms)
			LoadAssemblies (115ms)
			RebuildTransferFunctionScriptingTraits (0ms)
			SetupTypeCache (302ms)
			ReleaseScriptCaches (1ms)
			RebuildScriptCaches (40ms)
			SetupLoadedEditorAssemblies (286ms)
				LogAssemblyErrors (0ms)
				InitializePlatformSupportModulesInManaged (4ms)
				SetLoadedEditorAssemblies (0ms)
				RefreshPlugins (1ms)
				BeforeProcessingInitializeOnLoad (84ms)
				ProcessInitializeOnLoadAttributes (180ms)
				ProcessInitializeOnLoadMethodAttributes (10ms)
				AfterProcessingInitializeOnLoad (6ms)
				EditorAssembliesLoaded (0ms)
			ExecutionOrderSort2 (0ms)
			AwakeInstancesAfterBackupRestoration (10ms)
Platform modules already initialized, skipping
Refreshing native plugins compatible for Editor in 0.50 ms, found 3 plugins.
Preloading 0 native plugins for Editor in 0.00 ms.
Unloading 2374 Unused Serialized files (Serialized files now loaded: 0)
System memory in use before: 107.4 MB.
System memory in use after: 106.3 MB.

Unloading 30 unused Assets to reduce memory usage. Loaded Objects now: 2832.
Total: 3.945900 ms (FindLiveObjects: 0.192600 ms CreateObjectMapping: 0.098100 ms MarkObjects: 2.817500 ms  DeleteObjects: 0.836900 ms)

AssetImportParameters requested are different than current active one (requested -> active):
  custom:framework-win-MediaFoundation: 216162199b28c13a410421893ffa2e32 -> 
  custom:video-decoder-ogg-theora: a1e56fd34408186e4bbccfd4996cb3dc -> 
  custom:container-muxer-webm: aa71ff27fc2769a1b78a27578f13a17b -> 
  custom:container-demuxer-webm: 4f35f7cbe854078d1ac9338744f61a02 -> 
  custom:container-demuxer-ogg: 62fdf1f143b41e24485cea50d1cbac27 -> 
  custom:video-encoder-webm-vp8: eb34c28f22e8b96e1ab97ce403110664 -> 
  custom:video-decoder-webm-vp8: 9c59270c3fd7afecdb556c50c9e8de78 -> 
  custom:audio-decoder-ogg-vorbis: bf7c407c2cedff20999df2af8eb42d56 -> 
  custom:audio-encoder-webm-vorbis: bf7c407c2cedff20999df2af8eb42d56 -> 
========================================================================
Received Import Request.
  Time since last request: 103.695766 seconds.
  path: Assets/Resources/Sprites/Character
  artifactKey: Guid(5660ec78cebdd69459a621236ee02b19) Importer(815301076,1909f56bfc062723c751e8b465ee728b)
Start importing Assets/Resources/Sprites/Character using Guid(5660ec78cebdd69459a621236ee02b19) Importer(815301076,1909f56bfc062723c751e8b465ee728b)  -> (artifact id: '4bd0c86fcd78e50b7276f46bce325989') in 0.008649 seconds 
  Import took 0.013672 seconds .

========================================================================
Received Import Request.
  Time since last request: 0.781058 seconds.
  path: Assets/Resources/Sprites/Character/S_C_Dub_Standing1.png
  artifactKey: Guid(cce7e34667ac9ba488aed45287abea75) Importer(815301076,1909f56bfc062723c751e8b465ee728b)
Start importing Assets/Resources/Sprites/Character/S_C_Dub_Standing1.png using Guid(cce7e34667ac9ba488aed45287abea75) Importer(815301076,1909f56bfc062723c751e8b465ee728b)  -> (artifact id: '1105fcd1b69ab7c69988979e33bf9521') in 0.131310 seconds 
  Import took 0.134914 seconds .

========================================================================
Received Import Request.
  Time since last request: 11.696726 seconds.
  path: Assets/Resources/Sprites/Character/Masita_Standing01.png
  artifactKey: Guid(e0deb4e110d00554e8292f8536fec070) Importer(815301076,1909f56bfc062723c751e8b465ee728b)
Start importing Assets/Resources/Sprites/Character/Masita_Standing01.png using Guid(e0deb4e110d00554e8292f8536fec070) Importer(815301076,1909f56bfc062723c751e8b465ee728b)  -> (artifact id: 'de4e825ddd625627fbb69f3e9fe4739e') in 0.023394 seconds 
  Import took 0.028452 seconds .

========================================================================
Received Import Request.
  Time since last request: 15.671907 seconds.
  path: Assets/Resources/Sprites/Character/S_C_Gemin_Standing01.png
  artifactKey: Guid(e0deb4e110d00554e8292f8536fec070) Importer(815301076,1909f56bfc062723c751e8b465ee728b)
Start importing Assets/Resources/Sprites/Character/S_C_Gemin_Standing01.png using Guid(e0deb4e110d00554e8292f8536fec070) Importer(815301076,1909f56bfc062723c751e8b465ee728b)  -> (artifact id: 'e3b40de9a8c36fc0a641c758f7ed2c59') in 0.019471 seconds 
  Import took 0.024459 seconds .

========================================================================
Received Import Request.
  Time since last request: 1.226537 seconds.
  path: Assets/Resources/Sprites/Character/S_C_Gemini_Standing1.png
  artifactKey: Guid(5469af095e4da9f4182e5b87fc1469a2) Importer(815301076,1909f56bfc062723c751e8b465ee728b)
Start importing Assets/Resources/Sprites/Character/S_C_Gemini_Standing1.png using Guid(5469af095e4da9f4182e5b87fc1469a2) Importer(815301076,1909f56bfc062723c751e8b465ee728b)  -> (artifact id: '08534a4f4d8358eabc1669e7b447ffc7') in 0.025109 seconds 
  Import took 0.029435 seconds .

========================================================================
Received Import Request.
  Time since last request: 14.060804 seconds.
  path: Assets/Resources/Sprites/Character/S_C_Gemini_Standing6.png
  artifactKey: Guid(0e0631f635c9dc547b59287553ab25c5) Importer(815301076,1909f56bfc062723c751e8b465ee728b)
Start importing Assets/Resources/Sprites/Character/S_C_Gemini_Standing6.png using Guid(0e0631f635c9dc547b59287553ab25c5) Importer(815301076,1909f56bfc062723c751e8b465ee728b)  -> (artifact id: '49e6ebc20d9433a2df34e7706859eadc') in 0.038810 seconds 
  Import took 0.044414 seconds .

========================================================================
Received Import Request.
  Time since last request: 1.580107 seconds.
  path: Assets/Resources/Sprites/Character/S_C_Gemini_Standing5.png
  artifactKey: Guid(02c592e46eb683447bba192a095e0731) Importer(815301076,1909f56bfc062723c751e8b465ee728b)
Start importing Assets/Resources/Sprites/Character/S_C_Gemini_Standing5.png using Guid(02c592e46eb683447bba192a095e0731) Importer(815301076,1909f56bfc062723c751e8b465ee728b)  -> (artifact id: '1a0096dbdb5b7d167f6025b30682e008') in 0.030339 seconds 
  Import took 0.034180 seconds .

========================================================================
Received Import Request.
  Time since last request: 0.215193 seconds.
  path: Assets/Resources/Sprites/Character/S_C_Gemini_Standing4.png
  artifactKey: Guid(3d79e2ac810cb5f4bbfaa33d8070cfa7) Importer(815301076,1909f56bfc062723c751e8b465ee728b)
Start importing Assets/Resources/Sprites/Character/S_C_Gemini_Standing4.png using Guid(3d79e2ac810cb5f4bbfaa33d8070cfa7) Importer(815301076,1909f56bfc062723c751e8b465ee728b)  -> (artifact id: 'fdc307dbd30a8db3356be78a1a482562') in 0.027167 seconds 
  Import took 0.030883 seconds .

========================================================================
Received Import Request.
  Time since last request: 0.243541 seconds.
  path: Assets/Resources/Sprites/Character/S_C_Gemini_Standing3.png
  artifactKey: Guid(668b685d6fe9ef64da92e34665c609c6) Importer(815301076,1909f56bfc062723c751e8b465ee728b)
Start importing Assets/Resources/Sprites/Character/S_C_Gemini_Standing3.png using Guid(668b685d6fe9ef64da92e34665c609c6) Importer(815301076,1909f56bfc062723c751e8b465ee728b)  -> (artifact id: '13150c6c4a92172bc7fbbef8bedbcbd4') in 0.025703 seconds 
  Import took 0.030443 seconds .

========================================================================
Received Import Request.
  Time since last request: 0.226464 seconds.
  path: Assets/Resources/Sprites/Character/S_C_Gemini_Standing2.png
  artifactKey: Guid(1de32ddc7fb4a3740b462e4233031e3a) Importer(815301076,1909f56bfc062723c751e8b465ee728b)
Start importing Assets/Resources/Sprites/Character/S_C_Gemini_Standing2.png using Guid(1de32ddc7fb4a3740b462e4233031e3a) Importer(815301076,1909f56bfc062723c751e8b465ee728b)  -> (artifact id: '5885607eeef047fec2d27af106a1caf7') in 0.028208 seconds 
  Import took 0.032140 seconds .

========================================================================
Received Import Request.
  Time since last request: 4.522260 seconds.
  path: Assets/Resources/Sprites/Character/S_C_Dub_Standing3.png
  artifactKey: Guid(fce37894126a23e47aba956d53c1149a) Importer(815301076,1909f56bfc062723c751e8b465ee728b)
Start importing Assets/Resources/Sprites/Character/S_C_Dub_Standing3.png using Guid(fce37894126a23e47aba956d53c1149a) Importer(815301076,1909f56bfc062723c751e8b465ee728b)  -> (artifact id: '7611dda5fbfe7d842cbbe5a854923a1e') in 0.027755 seconds 
  Import took 0.032205 seconds .

========================================================================
Received Import Request.
  Time since last request: 3.946775 seconds.
  path: Assets/Resources/Sprites/Character/S_C_Kumal_Standing1.PNG
  artifactKey: Guid(5f9c57204d5631c45aa8b5ab3ad8fda1) Importer(815301076,1909f56bfc062723c751e8b465ee728b)
Start importing Assets/Resources/Sprites/Character/S_C_Kumal_Standing1.PNG using Guid(5f9c57204d5631c45aa8b5ab3ad8fda1) Importer(815301076,1909f56bfc062723c751e8b465ee728b)  -> (artifact id: 'e7e5768e6ac3a6cc3386f858e28541dd') in 0.032552 seconds 
  Import took 0.036462 seconds .

========================================================================
Received Import Request.
  Time since last request: 1.595044 seconds.
  path: Assets/Resources/Sprites/Character/S_C_Dub_Standing2.png
  artifactKey: Guid(63fe5abafa4b0d449bbbab9f02eb2404) Importer(815301076,1909f56bfc062723c751e8b465ee728b)
Start importing Assets/Resources/Sprites/Character/S_C_Dub_Standing2.png using Guid(63fe5abafa4b0d449bbbab9f02eb2404) Importer(815301076,1909f56bfc062723c751e8b465ee728b)  -> (artifact id: 'b6d7d059c79de08947cbe28dbaefa5cb') in 0.028633 seconds 
  Import took 0.033113 seconds .

========================================================================
Received Import Request.
  Time since last request: 0.412618 seconds.
  path: Assets/Resources/Sprites/Character/Ave_Stading03_Scream.png
  artifactKey: Guid(0024d7c527e3ac54f87cbe32b675c6a6) Importer(815301076,1909f56bfc062723c751e8b465ee728b)
Start importing Assets/Resources/Sprites/Character/Ave_Stading03_Scream.png using Guid(0024d7c527e3ac54f87cbe32b675c6a6) Importer(815301076,1909f56bfc062723c751e8b465ee728b)  -> (artifact id: '5951db542f995d197b37ac34c068d506') in 0.028524 seconds 
  Import took 0.033372 seconds .

========================================================================
Received Import Request.
  Time since last request: 8.954836 seconds.
  path: Assets/Resources/Sprites/Character/S_C_Ave_Stading03_Scream.png
  artifactKey: Guid(0024d7c527e3ac54f87cbe32b675c6a6) Importer(815301076,1909f56bfc062723c751e8b465ee728b)
Start importing Assets/Resources/Sprites/Character/S_C_Ave_Stading03_Scream.png using Guid(0024d7c527e3ac54f87cbe32b675c6a6) Importer(815301076,1909f56bfc062723c751e8b465ee728b)  -> (artifact id: '0156648ed9801f44854fcf809cabbe9d') in 0.017225 seconds 
  Import took 0.021480 seconds .

========================================================================
Received Import Request.
  Time since last request: 44.329465 seconds.
  path: Assets/Resources/Sprites/Character/Ave_Stading02_Happy.png
  artifactKey: Guid(33594ea8f9d98904497f1698091b7272) Importer(815301076,1909f56bfc062723c751e8b465ee728b)
Start importing Assets/Resources/Sprites/Character/Ave_Stading02_Happy.png using Guid(33594ea8f9d98904497f1698091b7272) Importer(815301076,1909f56bfc062723c751e8b465ee728b)  -> (artifact id: 'd891ccf0245cfec31ebaa748ffe275fb') in 0.029547 seconds 
  Import took 0.033317 seconds .

========================================================================
Received Import Request.
  Time since last request: 0.547007 seconds.
  path: Assets/Resources/Sprites/Character/Ave_Stading01.png
  artifactKey: Guid(3fc961e89a920a94aaefbfcbcb8ce835) Importer(815301076,1909f56bfc062723c751e8b465ee728b)
Start importing Assets/Resources/Sprites/Character/Ave_Stading01.png using Guid(3fc961e89a920a94aaefbfcbcb8ce835) Importer(815301076,1909f56bfc062723c751e8b465ee728b)  -> (artifact id: 'eea1b3169377173e7dabc55200019860') in 0.020159 seconds 
  Import took 0.024512 seconds .

========================================================================
Received Import Request.
  Time since last request: 6.611262 seconds.
  path: Assets/Resources/Sprites/Character/S_C_Ave_Stading01.png
  artifactKey: Guid(3fc961e89a920a94aaefbfcbcb8ce835) Importer(815301076,1909f56bfc062723c751e8b465ee728b)
Start importing Assets/Resources/Sprites/Character/S_C_Ave_Stading01.png using Guid(3fc961e89a920a94aaefbfcbcb8ce835) Importer(815301076,1909f56bfc062723c751e8b465ee728b)  -> (artifact id: '7b7a3906b99259724da1ee962fb037d8') in 0.035314 seconds 
  Import took 0.043398 seconds .

========================================================================
Received Import Request.
  Time since last request: 5.080543 seconds.
  path: Assets/Resources/Sprites/Character/S_CAve_Stading02_Happy.png
  artifactKey: Guid(33594ea8f9d98904497f1698091b7272) Importer(815301076,1909f56bfc062723c751e8b465ee728b)
Start importing Assets/Resources/Sprites/Character/S_CAve_Stading02_Happy.png using Guid(33594ea8f9d98904497f1698091b7272) Importer(815301076,1909f56bfc062723c751e8b465ee728b)  -> (artifact id: '4e1e00b959f01e2f444865724cd36ebd') in 0.024834 seconds 
  Import took 0.030045 seconds .

========================================================================
Received Import Request.
  Time since last request: 3.734756 seconds.
  path: Assets/Resources/Sprites/Character/S_C_Ave_Stading02_Happy.png
  artifactKey: Guid(33594ea8f9d98904497f1698091b7272) Importer(815301076,1909f56bfc062723c751e8b465ee728b)
Start importing Assets/Resources/Sprites/Character/S_C_Ave_Stading02_Happy.png using Guid(33594ea8f9d98904497f1698091b7272) Importer(815301076,1909f56bfc062723c751e8b465ee728b)  -> (artifact id: '8f92ddbf8c222371fb20aa0fb3c09fd5') in 0.020243 seconds 
  Import took 0.026232 seconds .

========================================================================
Received Import Request.
  Time since last request: 92.520507 seconds.
  path: Assets/Resources/Sprites/Character/S_C_Ave_Stading2.png
  artifactKey: Guid(0024d7c527e3ac54f87cbe32b675c6a6) Importer(815301076,1909f56bfc062723c751e8b465ee728b)
Start importing Assets/Resources/Sprites/Character/S_C_Ave_Stading2.png using Guid(0024d7c527e3ac54f87cbe32b675c6a6) Importer(815301076,1909f56bfc062723c751e8b465ee728b)  -> (artifact id: '4da9172d9ba4a99d6b2b972d1a56f6a7') in 0.025216 seconds 
  Import took 0.031077 seconds .

========================================================================
Received Import Request.
  Time since last request: 4.173701 seconds.
  path: Assets/Resources/Sprites/Character/S_C_Ave_Stading1.png
  artifactKey: Guid(3fc961e89a920a94aaefbfcbcb8ce835) Importer(815301076,1909f56bfc062723c751e8b465ee728b)
Start importing Assets/Resources/Sprites/Character/S_C_Ave_Stading1.png using Guid(3fc961e89a920a94aaefbfcbcb8ce835) Importer(815301076,1909f56bfc062723c751e8b465ee728b)  -> (artifact id: 'c91375a3e4c9390ce8e39f22f5312686') in 0.018069 seconds 
  Import took 0.022070 seconds .

========================================================================
Received Import Request.
  Time since last request: 4.758425 seconds.
  path: Assets/Resources/Sprites/Character/S_C_Ave_Stading3.png
  artifactKey: Guid(33594ea8f9d98904497f1698091b7272) Importer(815301076,1909f56bfc062723c751e8b465ee728b)
Start importing Assets/Resources/Sprites/Character/S_C_Ave_Stading3.png using Guid(33594ea8f9d98904497f1698091b7272) Importer(815301076,1909f56bfc062723c751e8b465ee728b)  -> (artifact id: '651459a130f20304a8038a8c64bed41e') in 0.019778 seconds 
  Import took 0.025650 seconds .

========================================================================
Received Import Request.
  Time since last request: 155.109870 seconds.
  path: Assets/2.Scripts/4.Talk/DialogScript.cs
  artifactKey: Guid(192691d40ed00e84ca8b6253ccaa7e95) Importer(815301076,1909f56bfc062723c751e8b465ee728b)
Start importing Assets/2.Scripts/4.Talk/DialogScript.cs using Guid(192691d40ed00e84ca8b6253ccaa7e95) Importer(815301076,1909f56bfc062723c751e8b465ee728b)  -> (artifact id: '2eb7b0b54900b65ec36204e7a3b6fc65') in 0.002918 seconds 
  Import took 0.006634 seconds .

========================================================================
Received Prepare
Registering precompiled user dll's ...
Registered in 0.003674 seconds.
Begin MonoManager ReloadAssembly
Native extension for WindowsStandalone target not found
Refreshing native plugins compatible for Editor in 0.52 ms, found 3 plugins.
Preloading 0 native plugins for Editor in 0.00 ms.
Mono: successfully reloaded assembly
- Completed reload, in  1.272 seconds
Domain Reload Profiling:
	ReloadAssembly (1272ms)
		BeginReloadAssembly (129ms)
			ExecutionOrderSort (0ms)
			DisableScriptedObjects (6ms)
			BackupInstance (0ms)
			ReleaseScriptingObjects (0ms)
			CreateAndSetChildDomain (38ms)
		EndReloadAssembly (1079ms)
			LoadAssemblies (123ms)
			RebuildTransferFunctionScriptingTraits (0ms)
			SetupTypeCache (323ms)
			ReleaseScriptCaches (1ms)
			RebuildScriptCaches (43ms)
			SetupLoadedEditorAssemblies (503ms)
				LogAssemblyErrors (0ms)
				InitializePlatformSupportModulesInManaged (4ms)
				SetLoadedEditorAssemblies (1ms)
				RefreshPlugins (1ms)
				BeforeProcessingInitializeOnLoad (251ms)
				ProcessInitializeOnLoadAttributes (229ms)
				ProcessInitializeOnLoadMethodAttributes (11ms)
				AfterProcessingInitializeOnLoad (6ms)
				EditorAssembliesLoaded (0ms)
			ExecutionOrderSort2 (0ms)
			AwakeInstancesAfterBackupRestoration (8ms)
Platform modules already initialized, skipping
Refreshing native plugins compatible for Editor in 0.52 ms, found 3 plugins.
Preloading 0 native plugins for Editor in 0.00 ms.
Unloading 2374 Unused Serialized files (Serialized files now loaded: 0)
System memory in use before: 110.4 MB.
System memory in use after: 109.2 MB.

Unloading 30 unused Assets to reduce memory usage. Loaded Objects now: 2840.
Total: 3.758500 ms (FindLiveObjects: 0.195800 ms CreateObjectMapping: 0.086600 ms MarkObjects: 2.662800 ms  DeleteObjects: 0.812400 ms)

AssetImportParameters requested are different than current active one (requested -> active):
  custom:framework-win-MediaFoundation: 216162199b28c13a410421893ffa2e32 -> 
  custom:video-decoder-ogg-theora: a1e56fd34408186e4bbccfd4996cb3dc -> 
  custom:container-muxer-webm: aa71ff27fc2769a1b78a27578f13a17b -> 
  custom:container-demuxer-webm: 4f35f7cbe854078d1ac9338744f61a02 -> 
  custom:container-demuxer-ogg: 62fdf1f143b41e24485cea50d1cbac27 -> 
  custom:video-encoder-webm-vp8: eb34c28f22e8b96e1ab97ce403110664 -> 
  custom:video-decoder-webm-vp8: 9c59270c3fd7afecdb556c50c9e8de78 -> 
  custom:audio-decoder-ogg-vorbis: bf7c407c2cedff20999df2af8eb42d56 -> 
  custom:audio-encoder-webm-vorbis: bf7c407c2cedff20999df2af8eb42d56 -> 
========================================================================
Received Import Request.
  Time since last request: 26.529750 seconds.
  path: Assets/2.Scripts/4.Talk/TalkSceneManager.cs
  artifactKey: Guid(5a312055da3e4d34faeeb4a73941bb14) Importer(815301076,1909f56bfc062723c751e8b465ee728b)
Start importing Assets/2.Scripts/4.Talk/TalkSceneManager.cs using Guid(5a312055da3e4d34faeeb4a73941bb14) Importer(815301076,1909f56bfc062723c751e8b465ee728b)  -> (artifact id: '120580757e049f39470cb948eb85d35b') in 0.007748 seconds 
  Import took 0.011127 seconds .

========================================================================
Received Import Request.
  Time since last request: 9.468270 seconds.
  path: Assets/2.Scripts/4.Talk/TalkSceneManager.cs
  artifactKey: Guid(5a312055da3e4d34faeeb4a73941bb14) Importer(815301076,1909f56bfc062723c751e8b465ee728b)
Start importing Assets/2.Scripts/4.Talk/TalkSceneManager.cs using Guid(5a312055da3e4d34faeeb4a73941bb14) Importer(815301076,1909f56bfc062723c751e8b465ee728b)  -> (artifact id: '9e9efb191cbf6ec52bb7f5dcb3c0b123') in 0.002534 seconds 
  Import took 0.006314 seconds .

========================================================================
Received Import Request.
  Time since last request: 27.646484 seconds.
  path: Assets/2.Scripts/4.Talk/TalkSceneManager.cs
  artifactKey: Guid(5a312055da3e4d34faeeb4a73941bb14) Importer(815301076,1909f56bfc062723c751e8b465ee728b)
Start importing Assets/2.Scripts/4.Talk/TalkSceneManager.cs using Guid(5a312055da3e4d34faeeb4a73941bb14) Importer(815301076,1909f56bfc062723c751e8b465ee728b)  -> (artifact id: 'bceb0d5e905ad28d2ed8ed72dbad47ac') in 0.002939 seconds 
  Import took 0.007068 seconds .

========================================================================
Received Prepare
Registering precompiled user dll's ...
Registered in 0.003681 seconds.
Begin MonoManager ReloadAssembly
Native extension for WindowsStandalone target not found
Refreshing native plugins compatible for Editor in 0.48 ms, found 3 plugins.
Preloading 0 native plugins for Editor in 0.00 ms.
Mono: successfully reloaded assembly
- Completed reload, in  0.979 seconds
Domain Reload Profiling:
	ReloadAssembly (979ms)
		BeginReloadAssembly (124ms)
			ExecutionOrderSort (0ms)
			DisableScriptedObjects (6ms)
			BackupInstance (0ms)
			ReleaseScriptingObjects (0ms)
			CreateAndSetChildDomain (37ms)
		EndReloadAssembly (796ms)
			LoadAssemblies (111ms)
			RebuildTransferFunctionScriptingTraits (0ms)
			SetupTypeCache (280ms)
			ReleaseScriptCaches (1ms)
			RebuildScriptCaches (42ms)
			SetupLoadedEditorAssemblies (285ms)
				LogAssemblyErrors (0ms)
				InitializePlatformSupportModulesInManaged (4ms)
				SetLoadedEditorAssemblies (0ms)
				RefreshPlugins (1ms)
				BeforeProcessingInitializeOnLoad (82ms)
				ProcessInitializeOnLoadAttributes (180ms)
				ProcessInitializeOnLoadMethodAttributes (10ms)
				AfterProcessingInitializeOnLoad (7ms)
				EditorAssembliesLoaded (0ms)
			ExecutionOrderSort2 (0ms)
			AwakeInstancesAfterBackupRestoration (8ms)
Platform modules already initialized, skipping
Refreshing native plugins compatible for Editor in 0.51 ms, found 3 plugins.
Preloading 0 native plugins for Editor in 0.00 ms.
Unloading 2374 Unused Serialized files (Serialized files now loaded: 0)
System memory in use before: 110.4 MB.
System memory in use after: 109.2 MB.

Unloading 30 unused Assets to reduce memory usage. Loaded Objects now: 2842.
Total: 3.775300 ms (FindLiveObjects: 0.186700 ms CreateObjectMapping: 0.087800 ms MarkObjects: 2.637200 ms  DeleteObjects: 0.862800 ms)

AssetImportParameters requested are different than current active one (requested -> active):
  custom:framework-win-MediaFoundation: 216162199b28c13a410421893ffa2e32 -> 
  custom:video-decoder-ogg-theora: a1e56fd34408186e4bbccfd4996cb3dc -> 
  custom:container-muxer-webm: aa71ff27fc2769a1b78a27578f13a17b -> 
  custom:container-demuxer-webm: 4f35f7cbe854078d1ac9338744f61a02 -> 
  custom:container-demuxer-ogg: 62fdf1f143b41e24485cea50d1cbac27 -> 
  custom:video-encoder-webm-vp8: eb34c28f22e8b96e1ab97ce403110664 -> 
  custom:video-decoder-webm-vp8: 9c59270c3fd7afecdb556c50c9e8de78 -> 
  custom:audio-decoder-ogg-vorbis: bf7c407c2cedff20999df2af8eb42d56 -> 
  custom:audio-encoder-webm-vorbis: bf7c407c2cedff20999df2af8eb42d56 -> 
========================================================================
Received Import Request.
  Time since last request: 37.419836 seconds.
  path: Assets/1.Scenes/1.Start.unity
  artifactKey: Guid(26f0d51ddda3a5c4eb990f1c8416b72f) Importer(815301076,1909f56bfc062723c751e8b465ee728b)
Start importing Assets/1.Scenes/1.Start.unity using Guid(26f0d51ddda3a5c4eb990f1c8416b72f) Importer(815301076,1909f56bfc062723c751e8b465ee728b)  -> (artifact id: '168d9394b5c93cbe9cce7a1390206a7e') in 0.019557 seconds 
  Import took 0.023356 seconds .

========================================================================
Received Import Request.
  Time since last request: 46.562997 seconds.
  path: Assets/3.Sprites/StarBlock/T S Block Broken.png
  artifactKey: Guid(7a2d7165478895e4d9a3368defb33239) Importer(815301076,1909f56bfc062723c751e8b465ee728b)
Start importing Assets/3.Sprites/StarBlock/T S Block Broken.png using Guid(7a2d7165478895e4d9a3368defb33239) Importer(815301076,1909f56bfc062723c751e8b465ee728b)  -> (artifact id: '8b21ad0135d86803e43f95848578c7b0') in 0.060947 seconds 
  Import took 0.066406 seconds .

========================================================================
Received Import Request.
  Time since last request: 1.272082 seconds.
  path: Assets/3.Sprites/StarBlock/I S Block Broken.png
  artifactKey: Guid(56148fc144fc8e6488290c3764f18407) Importer(815301076,1909f56bfc062723c751e8b465ee728b)
Start importing Assets/3.Sprites/StarBlock/I S Block Broken.png using Guid(56148fc144fc8e6488290c3764f18407) Importer(815301076,1909f56bfc062723c751e8b465ee728b)  -> (artifact id: '05e88a5385254dd941b40e84329a3023') in 0.029398 seconds 
  Import took 0.033631 seconds .

========================================================================
Received Import Request.
  Time since last request: 12.389639 seconds.
  path: Assets/3.Sprites/StarBlock/L S Block Broken.png
  artifactKey: Guid(3be7c6be6ac1edd4d97d9982aecaeb19) Importer(815301076,1909f56bfc062723c751e8b465ee728b)
Start importing Assets/3.Sprites/StarBlock/L S Block Broken.png using Guid(3be7c6be6ac1edd4d97d9982aecaeb19) Importer(815301076,1909f56bfc062723c751e8b465ee728b)  -> (artifact id: '71e1d772116e1cb5abf070863db2d5f9') in 0.025622 seconds 
  Import took 0.029451 seconds .

========================================================================
Received Import Request.
  Time since last request: 5.968884 seconds.
  path: Assets/3.Sprites/StarBlock/StarBlock_DM_Branch3.png
  artifactKey: Guid(4654577ee1cbfe4439ef2a7eaa587270) Importer(815301076,1909f56bfc062723c751e8b465ee728b)
Start importing Assets/3.Sprites/StarBlock/StarBlock_DM_Branch3.png using Guid(4654577ee1cbfe4439ef2a7eaa587270) Importer(815301076,1909f56bfc062723c751e8b465ee728b)  -> (artifact id: '30bc2d3a750487c62c56255e56f7a148') in 0.019118 seconds 
  Import took 0.024228 seconds .

========================================================================
Received Import Request.
  Time since last request: 38.944760 seconds.
  path: Assets/3.Sprites/StarBlock/S_A_Bomb_DB_Branch1.png
  artifactKey: Guid(56148fc144fc8e6488290c3764f18407) Importer(815301076,1909f56bfc062723c751e8b465ee728b)
Start importing Assets/3.Sprites/StarBlock/S_A_Bomb_DB_Branch1.png using Guid(56148fc144fc8e6488290c3764f18407) Importer(815301076,1909f56bfc062723c751e8b465ee728b)  -> (artifact id: 'a996512064025fd96d5b673dbd67db29') in 0.030642 seconds 
  Import took 0.035263 seconds .

========================================================================
Received Import Request.
  Time since last request: 2.664430 seconds.
  path: Assets/3.Sprites/StarBlock/S_A_Bomb_1_Branch1.png
  artifactKey: Guid(8e9344d926ada6e409e0ea391f5b0027) Importer(815301076,1909f56bfc062723c751e8b465ee728b)
Start importing Assets/3.Sprites/StarBlock/S_A_Bomb_1_Branch1.png using Guid(8e9344d926ada6e409e0ea391f5b0027) Importer(815301076,1909f56bfc062723c751e8b465ee728b)  -> (artifact id: '13f8413c9cd1adc76f2b5a1c0b981a5a') in 0.100613 seconds 
  Import took 0.106453 seconds .

========================================================================
Received Import Request.
  Time since last request: 4.177698 seconds.
  path: Assets/3.Sprites/StarBlock/S_A_Bomb_DB_Branch2.png
  artifactKey: Guid(3be7c6be6ac1edd4d97d9982aecaeb19) Importer(815301076,1909f56bfc062723c751e8b465ee728b)
Start importing Assets/3.Sprites/StarBlock/S_A_Bomb_DB_Branch2.png using Guid(3be7c6be6ac1edd4d97d9982aecaeb19) Importer(815301076,1909f56bfc062723c751e8b465ee728b)  -> (artifact id: 'a92abf0738cf201eaebe3dddc8669d1c') in 0.019268 seconds 
  Import took 0.024586 seconds .

========================================================================
Received Import Request.
  Time since last request: 5.587614 seconds.
  path: Assets/3.Sprites/StarBlock/S_A_Bomb_DB_Branch3.png
  artifactKey: Guid(7a2d7165478895e4d9a3368defb33239) Importer(815301076,1909f56bfc062723c751e8b465ee728b)
Start importing Assets/3.Sprites/StarBlock/S_A_Bomb_DB_Branch3.png using Guid(7a2d7165478895e4d9a3368defb33239) Importer(815301076,1909f56bfc062723c751e8b465ee728b)  -> (artifact id: 'a160f01a79f5c75d01691b713ada90e0') in 0.027504 seconds 
  Import took 0.031756 seconds .

========================================================================
Received Import Request.
  Time since last request: 9.580574 seconds.
  path: Assets/3.Sprites/StarBlock/S_A_Bomb_DB_Branch1.png
  artifactKey: Guid(56148fc144fc8e6488290c3764f18407) Importer(815301076,1909f56bfc062723c751e8b465ee728b)
Start importing Assets/3.Sprites/StarBlock/S_A_Bomb_DB_Branch1.png using Guid(56148fc144fc8e6488290c3764f18407) Importer(815301076,1909f56bfc062723c751e8b465ee728b)  -> (artifact id: '4a0eaeb7e2a62a5155a00fdab46f3a3f') in 0.034917 seconds 
  Import took 0.040525 seconds .

========================================================================
Received Import Request.
  Time since last request: 4.916952 seconds.
  path: Assets/3.Sprites/StarBlock/S_A_Bomb_DB_Branch2.png
  artifactKey: Guid(3be7c6be6ac1edd4d97d9982aecaeb19) Importer(815301076,1909f56bfc062723c751e8b465ee728b)
Start importing Assets/3.Sprites/StarBlock/S_A_Bomb_DB_Branch2.png using Guid(3be7c6be6ac1edd4d97d9982aecaeb19) Importer(815301076,1909f56bfc062723c751e8b465ee728b)  -> (artifact id: 'd10f26261e2ea4ff17ef46b6fd1b7b2c') in 0.051760 seconds 
  Import took 0.057492 seconds .

========================================================================
Received Import Request.
  Time since last request: 13.964388 seconds.
  path: Assets/3.Sprites/StarBlock/S_A_Bomb_DB_Branch1.png
  artifactKey: Guid(56148fc144fc8e6488290c3764f18407) Importer(815301076,1909f56bfc062723c751e8b465ee728b)
Start importing Assets/3.Sprites/StarBlock/S_A_Bomb_DB_Branch1.png using Guid(56148fc144fc8e6488290c3764f18407) Importer(815301076,1909f56bfc062723c751e8b465ee728b)  -> (artifact id: 'ac5f1a4b6caee6735fe016a675fccab1') in 0.133887 seconds 
  Import took 0.141550 seconds .

========================================================================
Received Import Request.
  Time since last request: 7.851401 seconds.
  path: Assets/3.Sprites/StarBlock/S_A_Bomb_DB_Branch2.png
  artifactKey: Guid(3be7c6be6ac1edd4d97d9982aecaeb19) Importer(815301076,1909f56bfc062723c751e8b465ee728b)
Start importing Assets/3.Sprites/StarBlock/S_A_Bomb_DB_Branch2.png using Guid(3be7c6be6ac1edd4d97d9982aecaeb19) Importer(815301076,1909f56bfc062723c751e8b465ee728b)  -> (artifact id: '099b5f4f52bc241949053cd52b80a3c9') in 0.094125 seconds 
  Import took 0.098960 seconds .

========================================================================
Received Import Request.
  Time since last request: 1.612234 seconds.
  path: Assets/3.Sprites/StarBlock/S_A_Bomb_DB_Branch3.png
  artifactKey: Guid(7a2d7165478895e4d9a3368defb33239) Importer(815301076,1909f56bfc062723c751e8b465ee728b)
Start importing Assets/3.Sprites/StarBlock/S_A_Bomb_DB_Branch3.png using Guid(7a2d7165478895e4d9a3368defb33239) Importer(815301076,1909f56bfc062723c751e8b465ee728b)  -> (artifact id: '022fea4b0389e57a86e4478d9331f9ea') in 0.028963 seconds 
  Import took 0.035313 seconds .

========================================================================
Received Import Request.
  Time since last request: 5.352511 seconds.
  path: Assets/3.Sprites/StarBlock/S_A_Bomb_DB_Branch3.png
  artifactKey: Guid(7a2d7165478895e4d9a3368defb33239) Importer(815301076,1909f56bfc062723c751e8b465ee728b)
Start importing Assets/3.Sprites/StarBlock/S_A_Bomb_DB_Branch3.png using Guid(7a2d7165478895e4d9a3368defb33239) Importer(815301076,1909f56bfc062723c751e8b465ee728b)  -> (artifact id: '2c6878f4f9ec13c28197888af45b09f1') in 0.100443 seconds 
  Import took 0.107296 seconds .

========================================================================
Received Import Request.
  Time since last request: 26.945356 seconds.
  path: Assets/3.Sprites/StarBlock/S_A_Bomb_1_Branch2.png
  artifactKey: Guid(50d3ec4a5c93e86418b23911bc08ea1d) Importer(815301076,1909f56bfc062723c751e8b465ee728b)
Start importing Assets/3.Sprites/StarBlock/S_A_Bomb_1_Branch2.png using Guid(50d3ec4a5c93e86418b23911bc08ea1d) Importer(815301076,1909f56bfc062723c751e8b465ee728b)  -> (artifact id: 'f82ebb403b2ae7a49ae7a091f39ceec1') in 0.201653 seconds 
  Import took 0.207974 seconds .

========================================================================
Received Import Request.
  Time since last request: 1.746339 seconds.
  path: Assets/3.Sprites/StarBlock/S_A_Bomb_2_Branch1.png
  artifactKey: Guid(3f39e44a013d24d44bcadeed135000fb) Importer(815301076,1909f56bfc062723c751e8b465ee728b)
Start importing Assets/3.Sprites/StarBlock/S_A_Bomb_2_Branch1.png using Guid(3f39e44a013d24d44bcadeed135000fb) Importer(815301076,1909f56bfc062723c751e8b465ee728b)  -> (artifact id: '5d502373ded941ee2b98cdc0f690969e') in 0.079319 seconds 
  Import took 0.086458 seconds .

========================================================================
Received Import Request.
  Time since last request: 11.289108 seconds.
  path: Assets/3.Sprites/StarBlock/S_A_Bomb_DM]_Branch1.png
  artifactKey: Guid(56148fc144fc8e6488290c3764f18407) Importer(815301076,1909f56bfc062723c751e8b465ee728b)
Start importing Assets/3.Sprites/StarBlock/S_A_Bomb_DM]_Branch1.png using Guid(56148fc144fc8e6488290c3764f18407) Importer(815301076,1909f56bfc062723c751e8b465ee728b)  -> (artifact id: '58689bd9a6134b89174ce51970e33424') in 0.086600 seconds 
  Import took 0.091980 seconds .

========================================================================
Received Import Request.
  Time since last request: 3.925023 seconds.
  path: Assets/3.Sprites/StarBlock/S_A_Bomb_DM_Branch1.png
  artifactKey: Guid(56148fc144fc8e6488290c3764f18407) Importer(815301076,1909f56bfc062723c751e8b465ee728b)
Start importing Assets/3.Sprites/StarBlock/S_A_Bomb_DM_Branch1.png using Guid(56148fc144fc8e6488290c3764f18407) Importer(815301076,1909f56bfc062723c751e8b465ee728b)  -> (artifact id: '88c0bc2f592c3fb9f9df778ffca67ed6') in 0.200349 seconds 
  Import took 0.207575 seconds .

========================================================================
Received Import Request.
  Time since last request: 7.489000 seconds.
  path: Assets/3.Sprites/StarBlock/S_A_Bomb_Dm_Branch3.png
  artifactKey: Guid(7a2d7165478895e4d9a3368defb33239) Importer(815301076,1909f56bfc062723c751e8b465ee728b)
Start importing Assets/3.Sprites/StarBlock/S_A_Bomb_Dm_Branch3.png using Guid(7a2d7165478895e4d9a3368defb33239) Importer(815301076,1909f56bfc062723c751e8b465ee728b)  -> (artifact id: 'cbd55407d570fa2a1280f7a058d74fe5') in 0.082430 seconds 
  Import took 0.087493 seconds .

========================================================================
Received Import Request.
  Time since last request: 5.400389 seconds.
  path: Assets/3.Sprites/StarBlock/S_A_Bomb_DM_Branch3.png
  artifactKey: Guid(7a2d7165478895e4d9a3368defb33239) Importer(815301076,1909f56bfc062723c751e8b465ee728b)
Start importing Assets/3.Sprites/StarBlock/S_A_Bomb_DM_Branch3.png using Guid(7a2d7165478895e4d9a3368defb33239) Importer(815301076,1909f56bfc062723c751e8b465ee728b)  -> (artifact id: 'd25a2a12950eac540d247717e6948386') in 0.114688 seconds 
  Import took 0.119754 seconds .

========================================================================
Received Import Request.
  Time since last request: 0.227177 seconds.
  path: Assets/3.Sprites/StarBlock/S_A_Bomb_3_Branch3.png
  artifactKey: Guid(be6812b3ea27dde4282be2dc71b2ed4c) Importer(815301076,1909f56bfc062723c751e8b465ee728b)
Start importing Assets/3.Sprites/StarBlock/S_A_Bomb_3_Branch3.png using Guid(be6812b3ea27dde4282be2dc71b2ed4c) Importer(815301076,1909f56bfc062723c751e8b465ee728b)  -> (artifact id: '9ccc471e827cd03842bbb4971963bb09') in 0.091544 seconds 
  Import took 0.095497 seconds .

========================================================================
Received Import Request.
  Time since last request: 8.105772 seconds.
  path: Assets/3.Sprites/StarBlock/S_A_Bomb_DM_Branch2.png
  artifactKey: Guid(3be7c6be6ac1edd4d97d9982aecaeb19) Importer(815301076,1909f56bfc062723c751e8b465ee728b)
Start importing Assets/3.Sprites/StarBlock/S_A_Bomb_DM_Branch2.png using Guid(3be7c6be6ac1edd4d97d9982aecaeb19) Importer(815301076,1909f56bfc062723c751e8b465ee728b)  -> (artifact id: '8f2399388c087b10b4236c853911aa29') in 0.090652 seconds 
  Import took 0.095921 seconds .

========================================================================
Received Import Request.
  Time since last request: 7.131686 seconds.
  path: Assets/3.Sprites/StarBlock/S_A_Bomb_DM_Branch1.png
  artifactKey: Guid(56148fc144fc8e6488290c3764f18407) Importer(815301076,1909f56bfc062723c751e8b465ee728b)
Start importing Assets/3.Sprites/StarBlock/S_A_Bomb_DM_Branch1.png using Guid(56148fc144fc8e6488290c3764f18407) Importer(815301076,1909f56bfc062723c751e8b465ee728b)  -> (artifact id: '60d72487d1182e5ebe6bf795fcc95c20') in 0.099364 seconds 
  Import took 0.106167 seconds .

========================================================================
Received Import Request.
  Time since last request: 13.733013 seconds.
  path: Assets/3.Sprites/StarBlock/S_A_Bomb_DM_Branch2.png
  artifactKey: Guid(3be7c6be6ac1edd4d97d9982aecaeb19) Importer(815301076,1909f56bfc062723c751e8b465ee728b)
Start importing Assets/3.Sprites/StarBlock/S_A_Bomb_DM_Branch2.png using Guid(3be7c6be6ac1edd4d97d9982aecaeb19) Importer(815301076,1909f56bfc062723c751e8b465ee728b)  -> (artifact id: '7458ffdeb1f42200facf2ad2ad8fc7e3') in 0.098126 seconds 
  Import took 0.103032 seconds .

========================================================================
Received Import Request.
  Time since last request: 7.792378 seconds.
  path: Assets/3.Sprites/StarBlock/S_A_Bomb_DM_Branch3.png
  artifactKey: Guid(7a2d7165478895e4d9a3368defb33239) Importer(815301076,1909f56bfc062723c751e8b465ee728b)
Start importing Assets/3.Sprites/StarBlock/S_A_Bomb_DM_Branch3.png using Guid(7a2d7165478895e4d9a3368defb33239) Importer(815301076,1909f56bfc062723c751e8b465ee728b)  -> (artifact id: '278d6790ea9f3ceda39fddf19b6bbabc') in 0.122946 seconds 
  Import took 0.129204 seconds .

========================================================================
Received Import Request.
  Time since last request: 8.384080 seconds.
  path: Assets/6.Animaitions/A_Bomb_2_Branch1.controller
  artifactKey: Guid(2783aee4fb7340540b9855e6e5a2ec7f) Importer(815301076,1909f56bfc062723c751e8b465ee728b)
Start importing Assets/6.Animaitions/A_Bomb_2_Branch1.controller using Guid(2783aee4fb7340540b9855e6e5a2ec7f) Importer(815301076,1909f56bfc062723c751e8b465ee728b)  -> (artifact id: 'ed196d42c970df0ff1f5a7b26bb75d48') in 0.017427 seconds 
  Import took 0.024203 seconds .

========================================================================
Received Import Request.
  Time since last request: 8.709643 seconds.
  path: Assets/6.Animaitions/BombEffect
  artifactKey: Guid(ce75a04d4473e1147b8c40c6e3623a3d) Importer(815301076,1909f56bfc062723c751e8b465ee728b)
Start importing Assets/6.Animaitions/BombEffect using Guid(ce75a04d4473e1147b8c40c6e3623a3d) Importer(815301076,1909f56bfc062723c751e8b465ee728b)  -> (artifact id: 'ddd445611fded4a1f8573ed98c223405') in 0.016078 seconds 
  Import took 0.020730 seconds .

========================================================================
Received Import Request.
  Time since last request: 1.373925 seconds.
  path: Assets/6.Animaitions/A_Bomb_1_Branch1.anim
  artifactKey: Guid(0eeea22f26ba623499276878eeeb551d) Importer(815301076,1909f56bfc062723c751e8b465ee728b)
Start importing Assets/6.Animaitions/A_Bomb_1_Branch1.anim using Guid(0eeea22f26ba623499276878eeeb551d) Importer(815301076,1909f56bfc062723c751e8b465ee728b)  -> (artifact id: '0bd330bf28c7c2b39ebdb277985abb5c') in 0.009259 seconds 
  Import took 0.013085 seconds .

========================================================================
Received Import Request.
  Time since last request: 8.325406 seconds.
  path: Assets/6.Animaitions/BombEffect/S_A_Bomb_DB_Branch1_0.controller
  artifactKey: Guid(d1ca5c27619a72c4a86271f0314141a2) Importer(815301076,1909f56bfc062723c751e8b465ee728b)
Start importing Assets/6.Animaitions/BombEffect/S_A_Bomb_DB_Branch1_0.controller using Guid(d1ca5c27619a72c4a86271f0314141a2) Importer(815301076,1909f56bfc062723c751e8b465ee728b)  -> (artifact id: '97bd861b4c0f5c887cc146c1bce5508d') in 0.009924 seconds 
  Import took 0.014862 seconds .

========================================================================
Received Import Request.
  Time since last request: 0.679770 seconds.
  path: Assets/6.Animaitions/BombEffect/A_Bomb_DM_Branch1.anim
  artifactKey: Guid(2dc07731406bb9f40b67a14d5c93dd29) Importer(815301076,1909f56bfc062723c751e8b465ee728b)
Start importing Assets/6.Animaitions/BombEffect/A_Bomb_DM_Branch1.anim using Guid(2dc07731406bb9f40b67a14d5c93dd29) Importer(815301076,1909f56bfc062723c751e8b465ee728b)  -> (artifact id: '86faadfad306af8cb473b4911744133d') in 0.008876 seconds 
  Import took 0.014568 seconds .

========================================================================
Received Import Request.
  Time since last request: 9.645060 seconds.
  path: Assets/6.Animaitions/BombEffect/A_Bomb_DM_Branch1.controller
  artifactKey: Guid(d1ca5c27619a72c4a86271f0314141a2) Importer(815301076,1909f56bfc062723c751e8b465ee728b)
Start importing Assets/6.Animaitions/BombEffect/A_Bomb_DM_Branch1.controller using Guid(d1ca5c27619a72c4a86271f0314141a2) Importer(815301076,1909f56bfc062723c751e8b465ee728b)  -> (artifact id: '043d72aa0b076b0231b4088725a14df3') in 0.003912 seconds 
  Import took 0.009691 seconds .

========================================================================
Received Import Request.
  Time since last request: 23.538473 seconds.
  path: Assets/6.Animaitions/BombEffect/A_Bomb_DM_Branch1.anim
  artifactKey: Guid(2dc07731406bb9f40b67a14d5c93dd29) Importer(815301076,1909f56bfc062723c751e8b465ee728b)
Start importing Assets/6.Animaitions/BombEffect/A_Bomb_DM_Branch1.anim using Guid(2dc07731406bb9f40b67a14d5c93dd29) Importer(815301076,1909f56bfc062723c751e8b465ee728b)  -> (artifact id: 'e5712e9d2c9d65d69b7500e30f8cb779') in 0.003501 seconds 
  Import took 0.009098 seconds .

========================================================================
Received Import Request.
  Time since last request: 103.877181 seconds.
  path: Assets/6.Animaitions/BombEffect/S_A_Bomb_DM_Branch2_0.controller
  artifactKey: Guid(a98c05f3478fc63458ef2d859c10702e) Importer(815301076,1909f56bfc062723c751e8b465ee728b)
Start importing Assets/6.Animaitions/BombEffect/S_A_Bomb_DM_Branch2_0.controller using Guid(a98c05f3478fc63458ef2d859c10702e) Importer(815301076,1909f56bfc062723c751e8b465ee728b)  -> (artifact id: 'd18bab2d91a6b2023668370a05c347b6') in 0.008794 seconds 
  Import took 0.013351 seconds .

========================================================================
Received Import Request.
  Time since last request: 4.458603 seconds.
  path: Assets/6.Animaitions/BombEffect/A_Bomb_DM_Branch2.controller
  artifactKey: Guid(a98c05f3478fc63458ef2d859c10702e) Importer(815301076,1909f56bfc062723c751e8b465ee728b)
Start importing Assets/6.Animaitions/BombEffect/A_Bomb_DM_Branch2.controller using Guid(a98c05f3478fc63458ef2d859c10702e) Importer(815301076,1909f56bfc062723c751e8b465ee728b)  -> (artifact id: '26e6779909944959ced7ce31ca0eceea') in 0.008971 seconds 
  Import took 0.014683 seconds .

========================================================================
Received Import Request.
  Time since last request: 0.480161 seconds.
  path: Assets/6.Animaitions/BombEffect/A_Bomb_DM_Branch3.anim
  artifactKey: Guid(98d03a1220750d04db42a21aa2e1a2d4) Importer(815301076,1909f56bfc062723c751e8b465ee728b)
Start importing Assets/6.Animaitions/BombEffect/A_Bomb_DM_Branch3.anim using Guid(98d03a1220750d04db42a21aa2e1a2d4) Importer(815301076,1909f56bfc062723c751e8b465ee728b)  -> (artifact id: '800332a9ae914d778bceef190ee9b90d') in 0.010459 seconds 
  Import took 0.015535 seconds .

========================================================================
Received Import Request.
  Time since last request: 0.089117 seconds.
  path: Assets/6.Animaitions/BombEffect/S_A_Bomb_DM_Branch3_0.controller
  artifactKey: Guid(a12c1129f6a68eb439e1ae6a78538991) Importer(815301076,1909f56bfc062723c751e8b465ee728b)
Start importing Assets/6.Animaitions/BombEffect/S_A_Bomb_DM_Branch3_0.controller using Guid(a12c1129f6a68eb439e1ae6a78538991) Importer(815301076,1909f56bfc062723c751e8b465ee728b)  -> (artifact id: '64c2dacb0d0b2212b09a08d2c5093b90') in 0.007987 seconds 
  Import took 0.013373 seconds .

========================================================================
Received Import Request.
  Time since last request: 6.716416 seconds.
  path: Assets/6.Animaitions/BombEffect/A_Bomb_DM_Branch3.controller
  artifactKey: Guid(a12c1129f6a68eb439e1ae6a78538991) Importer(815301076,1909f56bfc062723c751e8b465ee728b)
Start importing Assets/6.Animaitions/BombEffect/A_Bomb_DM_Branch3.controller using Guid(a12c1129f6a68eb439e1ae6a78538991) Importer(815301076,1909f56bfc062723c751e8b465ee728b)  -> (artifact id: 'eb2d6bccce9f877b474aa581eda16b52') in 0.003829 seconds 
  Import took 0.008747 seconds .

========================================================================
Received Import Request.
  Time since last request: 3.047754 seconds.
  path: Assets/6.Animaitions/BombEffect/A_Bomb_DM_Branch2.anim
  artifactKey: Guid(c40961fe1a371a946a7bcfcb3f02a95f) Importer(815301076,1909f56bfc062723c751e8b465ee728b)
Start importing Assets/6.Animaitions/BombEffect/A_Bomb_DM_Branch2.anim using Guid(c40961fe1a371a946a7bcfcb3f02a95f) Importer(815301076,1909f56bfc062723c751e8b465ee728b)  -> (artifact id: '62953081cc8c91a3ce21fa592c9eb5e2') in 0.003629 seconds 
  Import took 0.007662 seconds .

========================================================================
Received Import Request.
  Time since last request: 9.243757 seconds.
  path: Assets/6.Animaitions/BombEffect/A_Bomb_DM_Branch2.anim
  artifactKey: Guid(c40961fe1a371a946a7bcfcb3f02a95f) Importer(815301076,1909f56bfc062723c751e8b465ee728b)
Start importing Assets/6.Animaitions/BombEffect/A_Bomb_DM_Branch2.anim using Guid(c40961fe1a371a946a7bcfcb3f02a95f) Importer(815301076,1909f56bfc062723c751e8b465ee728b)  -> (artifact id: 'b312fc270852a1affc7b5c4ee141fa44') in 0.003969 seconds 
  Import took 0.011254 seconds .

========================================================================
Received Import Request.
  Time since last request: 64.117321 seconds.
  path: Assets/6.Animaitions/BombEffect/A_Bomb_DM_Branch3.anim
  artifactKey: Guid(98d03a1220750d04db42a21aa2e1a2d4) Importer(815301076,1909f56bfc062723c751e8b465ee728b)
Start importing Assets/6.Animaitions/BombEffect/A_Bomb_DM_Branch3.anim using Guid(98d03a1220750d04db42a21aa2e1a2d4) Importer(815301076,1909f56bfc062723c751e8b465ee728b)  -> (artifact id: 'ec645c2e263bb0a699eb44cd2313e765') in 0.003378 seconds 
  Import took 0.008160 seconds .

========================================================================
Received Import Request.
  Time since last request: 9.383714 seconds.
  path: Assets/6.Animaitions/BombEffect/A_Bomb_DM_Branch3.anim
  artifactKey: Guid(98d03a1220750d04db42a21aa2e1a2d4) Importer(815301076,1909f56bfc062723c751e8b465ee728b)
Start importing Assets/6.Animaitions/BombEffect/A_Bomb_DM_Branch3.anim using Guid(98d03a1220750d04db42a21aa2e1a2d4) Importer(815301076,1909f56bfc062723c751e8b465ee728b)  -> (artifact id: 'f2788dd9ce9420e4c1d7edba9ff0a53c') in 0.005252 seconds 
  Import took 0.012299 seconds .

========================================================================
Received Import Request.
  Time since last request: 26.905638 seconds.
  path: Assets/6.Animaitions/BombEffect/A_Bomb_DM_Branch3.controller
  artifactKey: Guid(a12c1129f6a68eb439e1ae6a78538991) Importer(815301076,1909f56bfc062723c751e8b465ee728b)
Start importing Assets/6.Animaitions/BombEffect/A_Bomb_DM_Branch3.controller using Guid(a12c1129f6a68eb439e1ae6a78538991) Importer(815301076,1909f56bfc062723c751e8b465ee728b)  -> (artifact id: '300c1d902c5d2e645c547fb3ae694e7a') in 0.006136 seconds 
  Import took 0.011671 seconds .

========================================================================
Received Import Request.
  Time since last request: 5.677348 seconds.
  path: Assets/Resources/Prefabs/StarBlocks
  artifactKey: Guid(ce4d276c3bca99a429ac2e18bbf617f8) Importer(815301076,1909f56bfc062723c751e8b465ee728b)
Start importing Assets/Resources/Prefabs/StarBlocks using Guid(ce4d276c3bca99a429ac2e18bbf617f8) Importer(815301076,1909f56bfc062723c751e8b465ee728b)  -> (artifact id: 'f5cf655e319bb02dbdecde5b5f9392d6') in 0.009794 seconds 
  Import took 0.015171 seconds .

========================================================================
Received Import Request.
  Time since last request: 1.214950 seconds.
  path: Assets/Resources/Prefabs/StarBlocks/P_Star_DB_Branch1.prefab
  artifactKey: Guid(28635c9189a04994191f57aa98949516) Importer(815301076,1909f56bfc062723c751e8b465ee728b)
Start importing Assets/Resources/Prefabs/StarBlocks/P_Star_DB_Branch1.prefab using Guid(28635c9189a04994191f57aa98949516) Importer(815301076,1909f56bfc062723c751e8b465ee728b)  -> (artifact id: 'd33c552f8703e292553240c21475e40a') in 0.045981 seconds 
  Import took 0.051110 seconds .

========================================================================
Received Import Request.
  Time since last request: 0.656354 seconds.
  path: Assets/Resources/Prefabs/StarBlocks/P_Star_DM_Branch1.prefab
  artifactKey: Guid(d9b30014f85b15d4da9db025c6d0952c) Importer(815301076,1909f56bfc062723c751e8b465ee728b)
Start importing Assets/Resources/Prefabs/StarBlocks/P_Star_DM_Branch1.prefab using Guid(d9b30014f85b15d4da9db025c6d0952c) Importer(815301076,1909f56bfc062723c751e8b465ee728b)  -> (artifact id: '3021cfdc07472ff0e62a770b1e2de706') in 0.015745 seconds 
  Import took 0.022087 seconds .

========================================================================
Received Import Request.
  Time since last request: 5.302805 seconds.
  path: Assets/Resources/Prefabs/StarBlocks/P_Star_Branch3.prefab
  artifactKey: Guid(5dab45722b6e1954ea83bf131d231407) Importer(815301076,1909f56bfc062723c751e8b465ee728b)
Start importing Assets/Resources/Prefabs/StarBlocks/P_Star_Branch3.prefab using Guid(5dab45722b6e1954ea83bf131d231407) Importer(815301076,1909f56bfc062723c751e8b465ee728b)  -> (artifact id: 'cb9336d0df8903e64143f7c34c7686f3') in 0.025829 seconds 
  Import took 0.033909 seconds .

========================================================================
Received Import Request.
  Time since last request: 39.523254 seconds.
  path: Assets/Resources/Prefabs/StarBlocks/P_Star_DM_Branch2.prefab
  artifactKey: Guid(0981d702ea4816c438ff46b5a9a913be) Importer(815301076,1909f56bfc062723c751e8b465ee728b)
Start importing Assets/Resources/Prefabs/StarBlocks/P_Star_DM_Branch2.prefab using Guid(0981d702ea4816c438ff46b5a9a913be) Importer(815301076,1909f56bfc062723c751e8b465ee728b)  -> (artifact id: '9b02134fe33b5122670eba6c662fde3b') in 0.019450 seconds 
  Import took 0.025330 seconds .

========================================================================
Received Import Request.
  Time since last request: 25.684143 seconds.
  path: Assets/Resources/Prefabs/StarBlocks/P_Star_DM_Branch1.prefab
  artifactKey: Guid(d9b30014f85b15d4da9db025c6d0952c) Importer(815301076,1909f56bfc062723c751e8b465ee728b)
Start importing Assets/Resources/Prefabs/StarBlocks/P_Star_DM_Branch1.prefab using Guid(d9b30014f85b15d4da9db025c6d0952c) Importer(815301076,1909f56bfc062723c751e8b465ee728b)  -> (artifact id: '1f65d2da29b29a983ef63f3e0be8f59d') in 0.013512 seconds 
  Import took 0.017697 seconds .

========================================================================
Received Import Request.
  Time since last request: 0.544501 seconds.
  path: Assets/Resources/Prefabs/StarBlocks/P_Star_DC_Branch3.prefab
  artifactKey: Guid(65194a0764e27ae4ea6b594f88458476) Importer(815301076,1909f56bfc062723c751e8b465ee728b)
Start importing Assets/Resources/Prefabs/StarBlocks/P_Star_DC_Branch3.prefab using Guid(65194a0764e27ae4ea6b594f88458476) Importer(815301076,1909f56bfc062723c751e8b465ee728b)  -> (artifact id: '439587de9eeb6ad1aee762e17fa775ed') in 0.017754 seconds 
  Import took 0.022926 seconds .

========================================================================
Received Import Request.
  Time since last request: 7.641163 seconds.
  path: Assets/Resources/Prefabs/StarBlocks/P_Star_DM_Branch3.prefab
  artifactKey: Guid(c81b9c32e3a014f48984a8d17c5a4d12) Importer(815301076,1909f56bfc062723c751e8b465ee728b)
Start importing Assets/Resources/Prefabs/StarBlocks/P_Star_DM_Branch3.prefab using Guid(c81b9c32e3a014f48984a8d17c5a4d12) Importer(815301076,1909f56bfc062723c751e8b465ee728b)  -> (artifact id: '265d983dbd12b8213dc0ecb3eae4800f') in 0.015814 seconds 
  Import took 0.021894 seconds .

========================================================================
Received Import Request.
  Time since last request: 31.280376 seconds.
  path: Assets/3.Sprites/icon.png
  artifactKey: Guid(df9f5646178810c45a7d4eb4cdbbf0c2) Importer(815301076,1909f56bfc062723c751e8b465ee728b)
Start importing Assets/3.Sprites/icon.png using Guid(df9f5646178810c45a7d4eb4cdbbf0c2) Importer(815301076,1909f56bfc062723c751e8b465ee728b)  -> (artifact id: 'ee22efca6886d730fdad50bd6e9c1bc6') in 0.033177 seconds 
  Import took 0.038117 seconds .

========================================================================
Received Import Request.
  Time since last request: 4.569492 seconds.
  path: Assets/3.Sprites/Icon.png
  artifactKey: Guid(df9f5646178810c45a7d4eb4cdbbf0c2) Importer(815301076,1909f56bfc062723c751e8b465ee728b)
Start importing Assets/3.Sprites/Icon.png using Guid(df9f5646178810c45a7d4eb4cdbbf0c2) Importer(815301076,1909f56bfc062723c751e8b465ee728b)  -> (artifact id: '93523647d2e1e717b7efc1757bcc8eed') in 0.024729 seconds 
  Import took 0.030006 seconds .

========================================================================
Received Import Request.
  Time since last request: 122.714104 seconds.
  path: Assets/Spine/Editor/spine-unity/Editor/GUI/icon-animation.png
  artifactKey: Guid(52b12ec801461494185a4d3dc66f3d1d) Importer(815301076,1909f56bfc062723c751e8b465ee728b)
Start importing Assets/Spine/Editor/spine-unity/Editor/GUI/icon-animation.png using Guid(52b12ec801461494185a4d3dc66f3d1d) Importer(815301076,1909f56bfc062723c751e8b465ee728b)  -> (artifact id: '8460adf1d0972423e2966265c27b3f3d') in 0.027464 seconds 
  Import took 0.034151 seconds .

========================================================================
Received Prepare
Registering precompiled user dll's ...
Registered in 0.003899 seconds.
Begin MonoManager ReloadAssembly
Native extension for WindowsStandalone target not found
Refreshing native plugins compatible for Editor in 0.71 ms, found 3 plugins.
Preloading 0 native plugins for Editor in 0.00 ms.
Mono: successfully reloaded assembly
- Completed reload, in  1.024 seconds
Domain Reload Profiling:
	ReloadAssembly (1024ms)
		BeginReloadAssembly (124ms)
			ExecutionOrderSort (0ms)
			DisableScriptedObjects (6ms)
			BackupInstance (0ms)
			ReleaseScriptingObjects (0ms)
			CreateAndSetChildDomain (39ms)
		EndReloadAssembly (841ms)
			LoadAssemblies (105ms)
			RebuildTransferFunctionScriptingTraits (0ms)
			SetupTypeCache (288ms)
			ReleaseScriptCaches (1ms)
			RebuildScriptCaches (44ms)
			SetupLoadedEditorAssemblies (312ms)
				LogAssemblyErrors (0ms)
				InitializePlatformSupportModulesInManaged (5ms)
				SetLoadedEditorAssemblies (1ms)
				RefreshPlugins (1ms)
				BeforeProcessingInitializeOnLoad (85ms)
				ProcessInitializeOnLoadAttributes (199ms)
				ProcessInitializeOnLoadMethodAttributes (13ms)
				AfterProcessingInitializeOnLoad (7ms)
				EditorAssembliesLoaded (0ms)
			ExecutionOrderSort2 (0ms)
			AwakeInstancesAfterBackupRestoration (10ms)
Platform modules already initialized, skipping
Refreshing native plugins compatible for Editor in 0.50 ms, found 3 plugins.
Preloading 0 native plugins for Editor in 0.00 ms.
Unloading 2374 Unused Serialized files (Serialized files now loaded: 0)
System memory in use before: 110.6 MB.
System memory in use after: 109.5 MB.

Unloading 30 unused Assets to reduce memory usage. Loaded Objects now: 2852.
Total: 4.080500 ms (FindLiveObjects: 0.194100 ms CreateObjectMapping: 0.108200 ms MarkObjects: 2.871600 ms  DeleteObjects: 0.905800 ms)

AssetImportParameters requested are different than current active one (requested -> active):
  custom:framework-win-MediaFoundation: 216162199b28c13a410421893ffa2e32 -> 
  custom:video-decoder-ogg-theora: a1e56fd34408186e4bbccfd4996cb3dc -> 
  custom:container-muxer-webm: aa71ff27fc2769a1b78a27578f13a17b -> 
  custom:container-demuxer-webm: 4f35f7cbe854078d1ac9338744f61a02 -> 
  custom:container-demuxer-ogg: 62fdf1f143b41e24485cea50d1cbac27 -> 
  custom:video-encoder-webm-vp8: eb34c28f22e8b96e1ab97ce403110664 -> 
  custom:video-decoder-webm-vp8: 9c59270c3fd7afecdb556c50c9e8de78 -> 
  custom:audio-decoder-ogg-vorbis: bf7c407c2cedff20999df2af8eb42d56 -> 
  custom:audio-encoder-webm-vorbis: bf7c407c2cedff20999df2af8eb42d56 -> 
AssetImportWorkerClient::OnTransportError - code=2 error=End of file
